<?xml version="1.0" encoding="UTF-8"?>
<!-- Generated by org.testng.reporters.JUnitReportReporter -->
<testsuite hostname="LAPTOP-UHF70JGM" failures="0" tests="2" name="storelocatorTestCases.findStore" time="34.237" errors="0" timestamp="05 Jul 2021 13:37:54 GMT" skipped="1">
  <testcase classname="storelocatorTestCases.findStore" name="findStoreByZipCode" time="34.237"/>
  <testcase classname="storelocatorTestCases.findStore" name="findStoreCity">
    <skipped/>
  </testcase> <!-- findStoreCity -->
</testsuite> <!-- storelocatorTestCases.findStore -->
