<?xml version="1.0" encoding="UTF-8"?>
<!-- Generated by org.testng.reporters.JUnitReportReporter -->
<testsuite hostname="Harpreats-MacBook-Pro.local" failures="0" tests="3" name="storelocatorTestCases.DP" time="0.054" errors="0" timestamp="2021-07-01T20:02:49 MDT" skipped="0">
  <testcase classname="storelocatorTestCases.DP" name="myTest" time="0.040"/>
  <system-out/>
  <testcase classname="storelocatorTestCases.DP" name="myTest" time="0.012"/>
  <system-out/>
  <testcase classname="storelocatorTestCases.DP" name="myTest" time="0.002"/>
  <system-out/>
</testsuite> <!-- storelocatorTestCases.DP -->
